{"level":"info","timestamp":"2025-04-28T12:17:46.622022+03:00","caller":"user:146","msg":"Message"}
{"level":"info","timestamp":"2025-04-28T12:17:46.622022+03:00","caller":"user:146","msg":"Message 0"}
{"level":"info","timestamp":"2025-04-28T12:17:46.622022+03:00","caller":"user:146","msg":"Message 1"}
{"level":"info","timestamp":"2025-04-28T12:17:46.622022+03:00","caller":"user:146","msg":"Message dfg"}
{"level":"info","timestamp":"2025-04-28T12:17:46.622022+03:00","caller":"user:146","msg":"Message dfggdf"}
{"level":"info","timestamp":"2025-04-28T12:17:46.622022+03:00","caller":"user:146","msg":"Message rerte"}
{"level":"info","timestamp":"2025-04-28T12:17:46.622022+03:00","caller":"user:146","msg":"Message 323"}
{"level":"info","timestamp":"2025-04-28T12:17:46.622022+03:00","caller":"user:146","msg":"Message dsfdsfds"}
{"level":"info","timestamp":"2025-04-28T12:17:46.622022+03:00","caller":"user:146","msg":"Message fsdfdsfd"}
{"level":"info","timestamp":"2025-04-28T12:17:46.622022+03:00","caller":"user:146","msg":"Message"}
{"level":"info","timestamp":"2025-04-28T12:17:46.622022+03:00","caller":"user:146","msg":"Message"}
{"level":"info","timestamp":"2025-04-28T12:17:46.622022+03:00","caller":"user:146","msg":"Message"}
{"level":"info","timestamp":"2025-04-28T12:17:46.622022+03:00","caller":"user:146","msg":"Message"}
{"level":"info","timestamp":"2025-04-28T12:17:46.622022+03:00","caller":"user:146","msg":"Message"}
{"level":"info","timestamp":"2025-04-28T12:17:46.622022+03:00","caller":"user:146","msg":"Message"}
{"level":"info","timestamp":"2025-04-28T12:17:46.622022+03:00","caller":"user:146","msg":"Message"}
{"level":"info","timestamp":"2025-04-28T12:17:46.622022+03:00","caller":"user:146","msg":"Message"}
{"level":"info","timestamp":"2025-04-28T12:17:46.622022+03:00","caller":"user:146","msg":"Message"}
{"level":"info","timestamp":"2025-04-28T12:17:46.622022+03:00","caller":"user:146","msg":"Message"}
{"level":"info","timestamp":"2025-04-28T12:17:46.622022+03:00","caller":"user:146","msg":"Message"}
{"level":"info","timestamp":"2025-04-28T12:17:46.622022+03:00","caller":"user:146","msg":"Message"}
{"level":"info","timestamp":"2025-04-28T12:17:46.622022+03:00","caller":"user:146","msg":"Message"}
{"level":"info","timestamp":"2025-04-28T12:17:46.622022+03:00","caller":"user:146","msg":"Message"}
{"level":"info","timestamp":"2025-04-28T12:17:46.622022+03:00","caller":"user:146","msg":"Message"}
{"level":"info","timestamp":"2025-04-28T12:17:46.622022+03:00","caller":"user:146","msg":"Message"}
{"level":"info","timestamp":"2025-04-28T12:17:46.622022+03:00","caller":"user:146","msg":"Message"}
{"level":"info","timestamp":"2025-04-28T12:17:46.622022+03:00","caller":"user:146","msg":"Message"}
{"level":"info","timestamp":"2025-04-28T12:17:46.622022+03:00","caller":"user:146","msg":"Message"}
{"level":"info","timestamp":"2025-04-28T12:17:46.622022+03:00","caller":"user:146","msg":"Message"}
{"level":"info","timestamp":"2025-04-28T12:17:46.622022+03:00","caller":"user:146","msg":"Message"}
{"level":"info","timestamp":"2025-04-28T12:17:46.622022+03:00","caller":"user:146","msg":"Message"}
{"level":"info","timestamp":"2025-04-28T12:17:46.622022+03:00","caller":"user:146","msg":"Message"}
{"level":"info","timestamp":"2025-04-28T12:17:46.622022+03:00","caller":"user:146","msg":"Message"}
{"level":"info","timestamp":"2025-04-28T12:17:46.622022+03:00","caller":"user:146","msg":"Message"}
{"level":"info","timestamp":"2025-04-28T12:17:46.622022+03:00","caller":"user:146","msg":"Message"}
{"level":"info","timestamp":"2025-04-28T12:17:46.622022+03:00","caller":"user:146","msg":"Message"}
{"level":"info","timestamp":"2025-04-28T12:17:46.622022+03:00","caller":"user:146","msg":"Message"}
{"level":"info","timestamp":"2025-04-28T12:17:46.622022+03:00","caller":"user:146","msg":"Message"}
{"level":"info","timestamp":"2025-04-28T12:17:46.622022+03:00","caller":"user:146","msg":"Message"}
{"level":"info","timestamp":"2025-04-28T12:17:46.622022+03:00","caller":"user:146","msg":"Message"}
{"level":"info","timestamp":"2025-04-28T12:17:46.622022+03:00","caller":"user:146","msg":"Message"}
{"level":"info","timestamp":"2025-04-28T12:17:46.622022+03:00","caller":"user:146","msg":"Message"}
{"level":"info","timestamp":"2025-04-28T12:17:46.622022+03:00","caller":"user:146","msg":"Message"}
{"level":"info","timestamp":"2025-04-28T12:17:46.622022+03:00","caller":"user:146","msg":"Message"}
{"level":"info","timestamp":"2025-04-28T12:17:46.622022+03:00","caller":"user:146","msg":"Message"}
